Build started 11/27/2014 1:32:20 PM.
     1>Project "C:\Users\a.stanimir\source\cryptography\Cryptography\CrackVigenereLikeCipher\CrackVigenereLikeCipher.vcxproj" on node 2 (Build target(s)).
     1>Link:
         C:\Program Files (x86)\Microsoft Visual Studio 12.0\VC\bin\link.exe /ERRORREPORT:PROMPT /OUT:"C:\Users\a.stanimir\source\cryptography\Cryptography\Debug\CrackVigenereLikeCipher.exe" /INCREMENTAL /NOLOGO kernel32.lib user32.lib gdi32.lib winspool.lib comdlg32.lib advapi32.lib shell32.lib ole32.lib oleaut32.lib uuid.lib odbc32.lib odbccp32.lib /MANIFEST /MANIFESTUAC:"level='asInvoker' uiAccess='false'" /manifest:embed /DEBUG /PDB:"C:\Users\a.stanimir\source\cryptography\Cryptography\Debug\CrackVigenereLikeCipher.pdb" /SUBSYSTEM:CONSOLE /TLBID:1 /DYNAMICBASE /NXCOMPAT /IMPLIB:"C:\Users\a.stanimir\source\cryptography\Cryptography\Debug\CrackVigenereLikeCipher.lib" /MACHINE:X86 Debug\Source.obj
     1>MSVCRTD.lib(crtexe.obj) : error LNK2019: unresolved external symbol _main referenced in function ___tmainCRTStartup
     1>C:\Users\a.stanimir\source\cryptography\Cryptography\Debug\CrackVigenereLikeCipher.exe : fatal error LNK1120: 1 unresolved externals
     1>Done Building Project "C:\Users\a.stanimir\source\cryptography\Cryptography\CrackVigenereLikeCipher\CrackVigenereLikeCipher.vcxproj" (Build target(s)) -- FAILED.

Build FAILED.

Time Elapsed 00:00:00.22
